<?xml version="1.0" encoding="UTF-8"?>
<testsuite name="com.suddiyo.springboot.web.PostsApiControllerTest" tests="2" skipped="0" failures="0" errors="0" timestamp="2023-06-18T15:49:26" hostname="ansugyeong-ui-MacBookPro.local" time="0.081">
  <properties/>
  <testcase name="Posts_등록된다()" classname="com.suddiyo.springboot.web.PostsApiControllerTest" time="0.056"/>
  <testcase name="Posts_수정된다()" classname="com.suddiyo.springboot.web.PostsApiControllerTest" time="0.024"/>
  <system-out><![CDATA[2023-06-19T00:49:26.740+09:00  INFO 98376 --- [    Test worker] t.c.s.AnnotationConfigContextLoaderUtils : Could not detect default configuration classes for test class [com.suddiyo.springboot.web.PostsApiControllerTest]: PostsApiControllerTest does not declare any static, non-private, non-final, nested classes annotated with @Configuration.
2023-06-19T00:49:26.742+09:00  INFO 98376 --- [    Test worker] .b.t.c.SpringBootTestContextBootstrapper : Found @SpringBootConfiguration com.suddiyo.springboot.Application for test class com.suddiyo.springboot.web.PostsApiControllerTest
2023-06-19T00:49:26.750+09:00  INFO 98376 --- [    Test worker] o.a.c.c.C.[Tomcat].[localhost].[/]       : Initializing Spring TestDispatcherServlet ''
2023-06-19T00:49:26.750+09:00  INFO 98376 --- [    Test worker] o.s.t.web.servlet.TestDispatcherServlet  : Initializing Servlet ''
2023-06-19T00:49:26.751+09:00  INFO 98376 --- [    Test worker] o.s.t.web.servlet.TestDispatcherServlet  : Completed initialization in 1 ms
Hibernate: insert into posts (id, author, content, created_date, modified_date, title) values (default, ?, ?, ?, ?, ?)
Hibernate: select p1_0.id,p1_0.author,p1_0.content,p1_0.created_date,p1_0.modified_date,p1_0.title from posts p1_0
Hibernate: select p1_0.id,p1_0.author,p1_0.content,p1_0.created_date,p1_0.modified_date,p1_0.title from posts p1_0
Hibernate: delete from posts where id=?
2023-06-19T00:49:26.805+09:00  INFO 98376 --- [    Test worker] o.a.c.c.C.[Tomcat].[localhost].[/]       : Initializing Spring TestDispatcherServlet ''
2023-06-19T00:49:26.805+09:00  INFO 98376 --- [    Test worker] o.s.t.web.servlet.TestDispatcherServlet  : Initializing Servlet ''
2023-06-19T00:49:26.806+09:00  INFO 98376 --- [    Test worker] o.s.t.web.servlet.TestDispatcherServlet  : Completed initialization in 0 ms
Hibernate: insert into posts (id, author, content, created_date, modified_date, title) values (default, ?, ?, ?, ?, ?)
Hibernate: select p1_0.id,p1_0.author,p1_0.content,p1_0.created_date,p1_0.modified_date,p1_0.title from posts p1_0 where p1_0.id=?
Hibernate: update posts set author=?, content=?, created_date=?, modified_date=?, title=? where id=?
Hibernate: select p1_0.id,p1_0.author,p1_0.content,p1_0.created_date,p1_0.modified_date,p1_0.title from posts p1_0
Hibernate: select p1_0.id,p1_0.author,p1_0.content,p1_0.created_date,p1_0.modified_date,p1_0.title from posts p1_0
Hibernate: delete from posts where id=?
]]></system-out>
  <system-err><![CDATA[]]></system-err>
</testsuite>
