<?xml version="1.0" encoding="UTF-8"?>
<testsuite name="com.suddiyo.springboot.domain.posts.PostsRepositoryTest" tests="2" skipped="0" failures="0" errors="0" timestamp="2023-06-18T15:49:25" hostname="ansugyeong-ui-MacBookPro.local" time="0.234">
  <properties/>
  <testcase name="게시글저장_불러오기()" classname="com.suddiyo.springboot.domain.posts.PostsRepositoryTest" time="0.217"/>
  <testcase name="BaseTimeEntity_등록()" classname="com.suddiyo.springboot.domain.posts.PostsRepositoryTest" time="0.016"/>
  <system-out><![CDATA[2023-06-19T00:49:22.988+09:00  INFO 98376 --- [    Test worker] t.c.s.AnnotationConfigContextLoaderUtils : Could not detect default configuration classes for test class [com.suddiyo.springboot.domain.posts.PostsRepositoryTest]: PostsRepositoryTest does not declare any static, non-private, non-final, nested classes annotated with @Configuration.
2023-06-19T00:49:23.001+09:00  INFO 98376 --- [    Test worker] .b.t.c.SpringBootTestContextBootstrapper : Found @SpringBootConfiguration com.suddiyo.springboot.Application for test class com.suddiyo.springboot.domain.posts.PostsRepositoryTest

  .   ____          _            __ _ _
 /\\ / ___'_ __ _ _(_)_ __  __ _ \ \ \ \
( ( )\___ | '_ | '_| | '_ \/ _` | \ \ \ \
 \\/  ___)| |_)| | | | | || (_| |  ) ) ) )
  '  |____| .__|_| |_|_| |_\__, | / / / /
 =========|_|==============|___/=/_/_/_/
 :: Spring Boot ::                (v3.0.6)

2023-06-19T00:49:23.035+09:00  INFO 98376 --- [    Test worker] c.s.s.domain.posts.PostsRepositoryTest   : Starting PostsRepositoryTest using Java 17.0.2 with PID 98376 (started by ahnsugyeong in /Users/ahnsugyeong/Desktop/2023/Spring/springboot-webservice)
2023-06-19T00:49:23.036+09:00  INFO 98376 --- [    Test worker] c.s.s.domain.posts.PostsRepositoryTest   : No active profile set, falling back to 1 default profile: "default"
2023-06-19T00:49:23.288+09:00  INFO 98376 --- [    Test worker] .s.d.r.c.RepositoryConfigurationDelegate : Bootstrapping Spring Data JPA repositories in DEFAULT mode.
2023-06-19T00:49:23.332+09:00  INFO 98376 --- [    Test worker] .s.d.r.c.RepositoryConfigurationDelegate : Finished Spring Data repository scanning in 36 ms. Found 2 JPA repository interfaces.
2023-06-19T00:49:23.532+09:00  INFO 98376 --- [    Test worker] com.zaxxer.hikari.HikariDataSource       : HikariPool-1 - Starting...
2023-06-19T00:49:23.680+09:00  INFO 98376 --- [    Test worker] com.zaxxer.hikari.pool.HikariPool        : HikariPool-1 - Added connection conn0: url=jdbc:h2:mem:db33a774-606f-4eee-b91c-d7a315d2ebcd user=SA
2023-06-19T00:49:23.683+09:00  INFO 98376 --- [    Test worker] com.zaxxer.hikari.HikariDataSource       : HikariPool-1 - Start completed.
2023-06-19T00:49:23.793+09:00  INFO 98376 --- [    Test worker] o.hibernate.jpa.internal.util.LogHelper  : HHH000204: Processing PersistenceUnitInfo [name: default]
2023-06-19T00:49:23.841+09:00  INFO 98376 --- [    Test worker] org.hibernate.Version                    : HHH000412: Hibernate ORM core version 6.1.7.Final
2023-06-19T00:49:23.998+09:00  INFO 98376 --- [    Test worker] SQL dialect                              : HHH000400: Using dialect: org.hibernate.dialect.H2Dialect
Hibernate: drop table if exists member cascade 
Hibernate: drop table if exists posts cascade 
Hibernate: create table member (id bigint generated by default as identity, email varchar(255) not null, name varchar(255) not null, picture varchar(255), role varchar(255) not null, primary key (id))
Hibernate: create table posts (id bigint generated by default as identity, created_date timestamp(6), modified_date timestamp(6), author varchar(255), content TEXT not null, title varchar(500) not null, primary key (id))
2023-06-19T00:49:24.529+09:00  INFO 98376 --- [    Test worker] o.h.e.t.j.p.i.JtaPlatformInitiator       : HHH000490: Using JtaPlatform implementation: [org.hibernate.engine.transaction.jta.platform.internal.NoJtaPlatform]
2023-06-19T00:49:24.536+09:00  INFO 98376 --- [    Test worker] j.LocalContainerEntityManagerFactoryBean : Initialized JPA EntityManagerFactory for persistence unit 'default'
2023-06-19T00:49:25.069+09:00  WARN 98376 --- [    Test worker] JpaBaseConfiguration$JpaWebConfiguration : spring.jpa.open-in-view is enabled by default. Therefore, database queries may be performed during view rendering. Explicitly configure spring.jpa.open-in-view to disable this warning
2023-06-19T00:49:25.086+09:00  INFO 98376 --- [    Test worker] o.s.b.a.w.s.WelcomePageHandlerMapping    : Adding welcome page template: index
2023-06-19T00:49:25.148+09:00  INFO 98376 --- [    Test worker] o.s.s.web.DefaultSecurityFilterChain     : Will secure any request with [org.springframework.security.web.session.DisableEncodeUrlFilter@6193a9e2, org.springframework.security.web.context.request.async.WebAsyncManagerIntegrationFilter@347074a9, org.springframework.security.web.context.SecurityContextHolderFilter@19b7852b, org.springframework.security.web.header.HeaderWriterFilter@10cb1b89, org.springframework.security.web.authentication.logout.LogoutFilter@13c79e0d, org.springframework.security.oauth2.client.web.OAuth2AuthorizationRequestRedirectFilter@1b9785aa, org.springframework.security.oauth2.client.web.OAuth2LoginAuthenticationFilter@340f4723, org.springframework.security.web.authentication.ui.DefaultLoginPageGeneratingFilter@4ab1ff80, org.springframework.security.web.authentication.ui.DefaultLogoutPageGeneratingFilter@136d1d58, org.springframework.security.web.savedrequest.RequestCacheAwareFilter@24fcfdb, org.springframework.security.web.servletapi.SecurityContextHolderAwareRequestFilter@2eebb07, org.springframework.security.web.authentication.AnonymousAuthenticationFilter@5d956649, org.springframework.security.web.access.ExceptionTranslationFilter@7e0fc5d0, org.springframework.security.web.access.intercept.AuthorizationFilter@210e971e]
2023-06-19T00:49:25.278+09:00  INFO 98376 --- [    Test worker] o.s.b.a.h2.H2ConsoleAutoConfiguration    : H2 console available at '/h2-console'. Database available at 'jdbc:h2:mem:db33a774-606f-4eee-b91c-d7a315d2ebcd'
2023-06-19T00:49:25.428+09:00  INFO 98376 --- [    Test worker] c.s.s.domain.posts.PostsRepositoryTest   : Started PostsRepositoryTest in 2.42 seconds (process running for 5.189)
Hibernate: insert into posts (id, author, content, created_date, modified_date, title) values (default, ?, ?, ?, ?, ?)
Hibernate: select p1_0.id,p1_0.author,p1_0.content,p1_0.created_date,p1_0.modified_date,p1_0.title from posts p1_0
Hibernate: select p1_0.id,p1_0.author,p1_0.content,p1_0.created_date,p1_0.modified_date,p1_0.title from posts p1_0
Hibernate: delete from posts where id=?
Hibernate: insert into posts (id, author, content, created_date, modified_date, title) values (default, ?, ?, ?, ?, ?)
Hibernate: select p1_0.id,p1_0.author,p1_0.content,p1_0.created_date,p1_0.modified_date,p1_0.title from posts p1_0
>>>>>>>>>> createDate = 2023-06-19T00:49:25.652523, modifiedDate = 2023-06-19T00:49:25.652523
Hibernate: select p1_0.id,p1_0.author,p1_0.content,p1_0.created_date,p1_0.modified_date,p1_0.title from posts p1_0
Hibernate: delete from posts where id=?
]]></system-out>
  <system-err><![CDATA[]]></system-err>
</testsuite>
