<?xml version="1.0" encoding="UTF-8"?>
<testsuite name="com.suddiyo.springboot.web.dto.HelloResponseDtoTest" tests="1" skipped="0" failures="0" errors="0" timestamp="2023-06-18T16:03:13" hostname="ansugyeong-ui-MacBookPro.local" time="0.003">
  <properties/>
  <testcase name="롬복_기능_테스트()" classname="com.suddiyo.springboot.web.dto.HelloResponseDtoTest" time="0.003"/>
  <system-out><![CDATA[]]></system-out>
  <system-err><![CDATA[]]></system-err>
</testsuite>
